<?xml version="1.0" encoding="UTF-8"?>
<!-- Generated by org.testng.reporters.JUnitReportReporter -->
<testsuite hostname="Preyal" failures="0" tests="1" name="simpleregistration.CalendarJavaascreeprtExecutor" time="20.631" errors="0" timestamp="2021-02-20T17:15:08 GMT-05:00" skipped="0">
  <testcase classname="simpleregistration.CalendarJavaascreeprtExecutor" name="airindia" time="20.631"/>
  <system-out/>
</testsuite> <!-- simpleregistration.CalendarJavaascreeprtExecutor -->
