<?xml version="1.0" encoding="UTF-8"?>
<!-- Generated by org.testng.reporters.JUnitReportReporter -->
<testsuite hostname="Preyal" failures="0" tests="1" name="simpleregistration.Selectcheckbox" time="11.814" errors="0" timestamp="2020-12-26T14:03:41 GMT-05:00" skipped="0">
  <testcase classname="simpleregistration.Selectcheckbox" name="checkbox" time="11.814"/>
  <system-out/>
</testsuite> <!-- simpleregistration.Selectcheckbox -->
