<?xml version="1.0" encoding="UTF-8"?>
<!-- Generated by org.testng.reporters.JUnitReportReporter -->
<testsuite hostname="Preyal" failures="0" tests="6" name="simpleregistration.FormPractice" time="56.271" errors="0" timestamp="2021-05-21T05:03:56 GMT-04:00" skipped="0">
  <testcase classname="simpleregistration.FormPractice" name="NC1" time="8.535"/>
  <system-out/>
  <testcase classname="simpleregistration.FormPractice" name="NC2" time="9.418"/>
  <system-out/>
  <testcase classname="simpleregistration.FormPractice" name="NC3" time="12.730"/>
  <system-out/>
  <testcase classname="simpleregistration.FormPractice" name="NC4" time="8.522"/>
  <system-out/>
  <testcase classname="simpleregistration.FormPractice" name="NC5" time="7.588"/>
  <system-out/>
  <testcase classname="simpleregistration.FormPractice" name="NC6" time="9.478"/>
  <system-out/>
</testsuite> <!-- simpleregistration.FormPractice -->
