<?xml version="1.0" encoding="UTF-8"?>
<!-- Generated by org.testng.reporters.JUnitReportReporter -->
<testsuite hostname="Preyal" failures="0" tests="4" name="simpleregistration.BaseballRegistration" time="102.115" errors="0" timestamp="2021-01-03T19:15:15 GMT-05:00" skipped="0">
  <testcase classname="simpleregistration.BaseballRegistration" name="Testcase_1" time="35.990"/>
  <system-out/>
  <testcase classname="simpleregistration.BaseballRegistration" name="Testcase_1" time="16.769"/>
  <system-out/>
  <testcase classname="simpleregistration.BaseballRegistration" name="Testcase_1" time="18.275"/>
  <system-out/>
  <testcase classname="simpleregistration.BaseballRegistration" name="Testcase_1" time="31.081"/>
  <system-out/>
</testsuite> <!-- simpleregistration.BaseballRegistration -->
